<?xml version="1.0" encoding="UTF-8"?>
<testsuite name="PracticaVectores.VectorTest" tests="3" skipped="0" failures="0" errors="0" timestamp="2018-04-02T01:42:58" hostname="alienrva" time="0.003">
  <properties/>
  <testcase name="testAnguloDireccion" classname="PracticaVectores.VectorTest" time="0.001"/>
  <testcase name="testAnguloDireccionTrue" classname="PracticaVectores.VectorTest" time="0.001"/>
  <testcase name="testModulo" classname="PracticaVectores.VectorTest" time="0.0"/>
  <system-out><![CDATA[]]></system-out>
  <system-err><![CDATA[]]></system-err>
</testsuite>
